<?xml version="1.0" encoding="UTF-8"?>
<!-- Generated by org.testng.reporters.JUnitReportReporter -->
<testsuite hostname="EC2AMAZ-D9GMPCC" failures="0" tests="1" name="httpmethodtypes.PutTest" time="4.295" errors="0" timestamp="2023-07-03T11:01:50 GMT" skipped="0">
  <testcase classname="httpmethodtypes.PutTest" name="putTest" time="4.295"/>
  <system-out/>
</testsuite> <!-- httpmethodtypes.PutTest -->
