<?xml version="1.0" encoding="UTF-8"?>
<!-- Generated by org.testng.reporters.JUnitReportReporter -->
<testsuite hostname="EC2AMAZ-D9GMPCC" failures="0" tests="1" name="chaining.CreateUser" time="8.436" errors="0" timestamp="2023-07-04T11:36:07 GMT" skipped="0">
  <testcase classname="chaining.CreateUser" name="postUserTest" time="8.436"/>
  <system-out/>
</testsuite> <!-- chaining.CreateUser -->
