<?xml version="1.0" encoding="UTF-8"?>
<!-- Generated by org.testng.reporters.JUnitReportReporter -->
<testsuite hostname="EC2AMAZ-D9GMPCC" failures="0" tests="2" name="httpmethodtypes.GetTest" time="4.701" errors="0" timestamp="2023-07-03T10:13:50 GMT" skipped="0">
  <testcase classname="httpmethodtypes.GetTest" name="getTest" time="4.459"/>
  <system-out/>
  <testcase classname="httpmethodtypes.GetTest" name="getTestBDD" time="0.242"/>
  <system-out/>
</testsuite> <!-- httpmethodtypes.GetTest -->
