<?xml version="1.0" encoding="UTF-8"?>
<!-- Generated by org.testng.reporters.JUnitReportReporter -->
<testsuite hostname="EC2AMAZ-D9GMPCC" failures="0" tests="1" name="httpmethodtypes.PostType" time="4.699" errors="0" timestamp="2023-07-04T05:03:52 GMT" skipped="0">
  <testcase classname="httpmethodtypes.PostType" name="postTest" time="4.699"/>
  <system-out/>
</testsuite> <!-- httpmethodtypes.PostType -->
