<?xml version="1.0" encoding="UTF-8"?>
<!-- Generated by org.testng.reporters.JUnitReportReporter -->
<testsuite hostname="EC2AMAZ-D9GMPCC" failures="0" tests="1" name="chaining.UpdateUser" time="0.642" errors="0" timestamp="2023-07-04T11:36:07 GMT" skipped="0">
  <testcase classname="chaining.UpdateUser" name="updateUserTest" time="0.642"/>
  <system-out/>
</testsuite> <!-- chaining.UpdateUser -->
