<?xml version="1.0" encoding="UTF-8"?>
<!-- Generated by org.testng.reporters.JUnitReportReporter -->
<testsuite hostname="EC2AMAZ-D9GMPCC" failures="0" tests="1" name="authentication.BearerToken" time="5.309" errors="0" timestamp="2023-07-03T11:58:46 GMT" skipped="0">
  <testcase classname="authentication.BearerToken" name="getTestBDD" time="5.309"/>
  <system-out/>
</testsuite> <!-- authentication.BearerToken -->
