<?xml version="1.0" encoding="UTF-8"?>
<!-- Generated by org.testng.reporters.JUnitReportReporter -->
<testsuite hostname="EC2AMAZ-D9GMPCC" failures="0" tests="4" name="testng.TestNgTest" time="0.052" errors="0" timestamp="2023-07-04T07:29:00 GMT" skipped="0">
  <testcase classname="testng.TestNgTest" name="test1" time="0.015"/>
  <system-out/>
  <testcase classname="testng.TestNgTest" name="test3" time="0.009"/>
  <system-out/>
  <testcase classname="testng.TestNgTest" name="test1" time="0.023"/>
  <system-out/>
  <testcase classname="testng.TestNgTest" name="test2" time="0.005"/>
  <system-out/>
</testsuite> <!-- testng.TestNgTest -->
