<?xml version="1.0" encoding="UTF-8"?>
<!-- Generated by org.testng.reporters.JUnitReportReporter -->
<testsuite hostname="EC2AMAZ-D9GMPCC" failures="0" tests="1" name="httpmethodtypes.DeleteTest" time="4.315" errors="0" timestamp="2023-07-03T11:08:09 GMT" skipped="0">
  <testcase classname="httpmethodtypes.DeleteTest" name="deleteTest" time="4.315"/>
  <system-out/>
</testsuite> <!-- httpmethodtypes.DeleteTest -->
