<?xml version="1.0" encoding="UTF-8"?>
<!-- Generated by org.testng.reporters.JUnitReportReporter -->
<testsuite hostname="EC2AMAZ-D9GMPCC" failures="0" tests="1" name="authentication.OAuthTest" time="4.702" errors="0" timestamp="2023-07-03T12:06:59 GMT" skipped="0">
  <testcase classname="authentication.OAuthTest" name="bearerTokenTest" time="4.702"/>
  <system-out/>
</testsuite> <!-- authentication.OAuthTest -->
