<?xml version="1.0" encoding="UTF-8"?>
<!-- Generated by org.testng.reporters.JUnitReportReporter -->
<testsuite hostname="EC2AMAZ-D9GMPCC" failures="0" tests="1" name="mocking.PostTestMock" time="3.435" errors="0" timestamp="2023-07-04T11:33:27 GMT" skipped="0">
  <testcase classname="mocking.PostTestMock" name="postTest" time="3.435"/>
  <system-out/>
</testsuite> <!-- mocking.PostTestMock -->
