<?xml version="1.0" encoding="UTF-8"?>
<!-- Generated by org.testng.reporters.JUnitReportReporter -->
<testsuite hostname="EC2AMAZ-D9GMPCC" failures="0" tests="1" name="chaining.GetUser" time="0.314" errors="0" timestamp="2023-07-04T11:36:07 GMT" skipped="0">
  <testcase classname="chaining.GetUser" name="getUserTest" time="0.314"/>
  <system-out/>
</testsuite> <!-- chaining.GetUser -->
