<?xml version="1.0" encoding="UTF-8"?>
<!-- Generated by org.testng.reporters.JUnitReportReporter -->
<testsuite hostname="EC2AMAZ-D9GMPCC" failures="0" tests="3" name="authentication.BasicAuth" time="8.618" errors="0" timestamp="2023-07-03T11:45:04 GMT" skipped="0">
  <testcase classname="authentication.BasicAuth" name="preemtiveAuthTest" time="1.092"/>
  <system-out/>
  <testcase classname="authentication.BasicAuth" name="digestAuthTest" time="1.356"/>
  <system-out/>
  <testcase classname="authentication.BasicAuth" name="basicAuthTest" time="6.170"/>
  <system-out/>
</testsuite> <!-- authentication.BasicAuth -->
