<?xml version="1.0" encoding="UTF-8"?>
<!-- Generated by org.testng.reporters.JUnitReportReporter -->
<testsuite hostname="EC2AMAZ-D9GMPCC" failures="0" tests="1" name="httpmethodtypes.PatchTest" time="5.388" errors="0" timestamp="2023-07-03T11:00:22 GMT" skipped="0">
  <testcase classname="httpmethodtypes.PatchTest" name="patchTest" time="5.388"/>
  <system-out/>
</testsuite> <!-- httpmethodtypes.PatchTest -->
