<?xml version="1.0" encoding="UTF-8"?>
<!-- Generated by org.testng.reporters.JUnitReportReporter -->
<testsuite hostname="EC2AMAZ-D9GMPCC" failures="0" tests="1" name="mocking.GetTestMock" time="3.295" errors="0" timestamp="2023-07-04T11:21:58 GMT" skipped="0">
  <testcase classname="mocking.GetTestMock" name="getTestMock" time="3.295"/>
  <system-out/>
</testsuite> <!-- mocking.GetTestMock -->
